#
# There is insufficient memory for the Java Runtime Environment to continue.
# Native memory allocation (mmap) failed to map 65536 bytes for Failed to commit metaspace.
# Possible reasons:
#   The system is out of physical RAM or swap space
#   The process is running with CompressedOops enabled, and the Java Heap may be blocking the growth of the native heap
# Possible solutions:
#   Reduce memory load on the system
#   Increase physical memory or swap space
#   Check if swap backing store is full
#   Decrease Java heap size (-Xmx/-Xms)
#   Decrease number of Java threads
#   Decrease Java thread stack sizes (-Xss)
#   Set larger code cache with -XX:ReservedCodeCacheSize=
#   JVM is running with Zero Based Compressed Oops mode in which the Java heap is
#     placed in the first 32GB address space. The Java Heap base address is the
#     maximum limit for the native heap growth. Please use -XX:HeapBaseMinAddress
#     to set the Java Heap base and to place the Java Heap above 32GB virtual address.
# This output file may be truncated or incomplete.
#
#  Out of Memory Error (virtualSpaceNode.cpp:110), pid=54240, tid=12608
#
# JRE version: Java(TM) SE Runtime Environment (17.0.1+12) (build 17.0.1+12-LTS-39)
# Java VM: Java HotSpot(TM) 64-Bit Server VM (17.0.1+12-LTS-39, mixed mode, sharing, tiered, compressed oops, compressed class ptrs, g1 gc, windows-amd64)
# No core dump will be written. Minidumps are not enabled by default on client versions of Windows
#

---------------  S U M M A R Y ------------

Command Line: -ea -Didea.test.cyclic.buffer.size=1048576 -javaagent:C:\Program Files\JetBrains\IntelliJ IDEA 2022.2.2\lib\idea_rt.jar=64393:C:\Program Files\JetBrains\IntelliJ IDEA 2022.2.2\bin -Dfile.encoding=UTF-8 com.intellij.rt.junit.JUnitStarter -ideVersion5 -junit5 org.example.WallTest,test2

Host: AMD Ryzen 7 2700X Eight-Core Processor         , 16 cores, 15G,  Windows 10 , 64 bit Build 19041 (10.0.19041.2364)
Time: Mon Jan 30 22:22:20 2023  Windows 10 , 64 bit Build 19041 (10.0.19041.2364) elapsed time: 0.295008 seconds (0d 0h 0m 0s)

---------------  T H R E A D  ---------------

Current thread (0x000001f3b22e54f0):  JavaThread "main" [_thread_in_vm, id=12608, stack(0x0000006401c00000,0x0000006401d00000)]

Stack: [0x0000006401c00000,0x0000006401d00000]
Native frames: (J=compiled Java code, j=interpreted, Vv=VM code, C=native code)
V  [jvm.dll+0x66fa1a]
V  [jvm.dll+0x7ce5a4]
V  [jvm.dll+0x7cfd4e]
V  [jvm.dll+0x7d03b3]
V  [jvm.dll+0x242b05]
V  [jvm.dll+0x7ca54b]
V  [jvm.dll+0x615b76]
V  [jvm.dll+0x1be19e]
V  [jvm.dll+0x6184b1]
V  [jvm.dll+0x616516]
V  [jvm.dll+0x3678a2]
V  [jvm.dll+0x1dfa7b]
V  [jvm.dll+0x5376b9]
V  [jvm.dll+0x74984d]
V  [jvm.dll+0x7497aa]
V  [jvm.dll+0x409034]
V  [jvm.dll+0x41c79b]
C  [java.dll+0x1657]

Java frames: (J=compiled Java code, j=interpreted, Vv=VM code)
j  java.lang.ClassLoader.defineClass0(Ljava/lang/ClassLoader;Ljava/lang/Class;Ljava/lang/String;[BIILjava/security/ProtectionDomain;ZILjava/lang/Object;)Ljava/lang/Class;+0 java.base@17.0.1
j  java.lang.System$2.defineClass(Ljava/lang/ClassLoader;Ljava/lang/Class;Ljava/lang/String;[BLjava/security/ProtectionDomain;ZILjava/lang/Object;)Ljava/lang/Class;+17 java.base@17.0.1
j  java.lang.invoke.MethodHandles$Lookup$ClassDefiner.defineClass(ZLjava/lang/Object;)Ljava/lang/Class;+54 java.base@17.0.1
j  java.lang.invoke.MethodHandles$Lookup$ClassDefiner.defineClassAsLookup(Z)Ljava/lang/invoke/MethodHandles$Lookup;+3 java.base@17.0.1
j  java.lang.invoke.MethodHandles$Lookup.defineHiddenClass([BZ[Ljava/lang/invoke/MethodHandles$Lookup$ClassOption;)Ljava/lang/invoke/MethodHandles$Lookup;+65 java.base@17.0.1
j  java.lang.invoke.InnerClassLambdaMetafactory.generateInnerClass()Ljava/lang/Class;+580 java.base@17.0.1
j  java.lang.invoke.InnerClassLambdaMetafactory.spinInnerClass()Ljava/lang/Class;+107 java.base@17.0.1
j  java.lang.invoke.InnerClassLambdaMetafactory.buildCallSite()Ljava/lang/invoke/CallSite;+1 java.base@17.0.1
j  java.lang.invoke.LambdaMetafactory.metafactory(Ljava/lang/invoke/MethodHandles$Lookup;Ljava/lang/String;Ljava/lang/invoke/MethodType;Ljava/lang/invoke/MethodType;Ljava/lang/invoke/MethodHandle;Ljava/lang/invoke/MethodType;)Ljava/lang/invoke/CallSite;+67 java.base@17.0.1
j  java.lang.invoke.LambdaForm$DMH+0x0000000800c35400.invokeStatic(Ljava/lang/Object;Ljava/lang/Object;Ljava/lang/Object;Ljava/lang/Object;Ljava/lang/Object;Ljava/lang/Object;Ljava/lang/Object;)Ljava/lang/Object;+27 java.base@17.0.1
j  java.lang.invoke.Invokers$Holder.invokeExact_MT(Ljava/lang/Object;Ljava/lang/Object;Ljava/lang/Object;Ljava/lang/Object;Ljava/lang/Object;Ljava/lang/Object;Ljava/lang/Object;Ljava/lang/Object;)Ljava/lang/Object;+28 java.base@17.0.1
j  java.lang.invoke.BootstrapMethodInvoker.invoke(Ljava/lang/Class;Ljava/lang/invoke/MethodHandle;Ljava/lang/String;Ljava/lang/Object;Ljava/lang/Object;Ljava/lang/Class;)Ljava/lang/Object;+319 java.base@17.0.1
j  java.lang.invoke.CallSite.makeSite(Ljava/lang/invoke/MethodHandle;Ljava/lang/String;Ljava/lang/invoke/MethodType;Ljava/lang/Object;Ljava/lang/Class;)Ljava/lang/invoke/CallSite;+8 java.base@17.0.1
j  java.lang.invoke.MethodHandleNatives.linkCallSiteImpl(Ljava/lang/Class;Ljava/lang/invoke/MethodHandle;Ljava/lang/String;Ljava/lang/invoke/MethodType;Ljava/lang/Object;[Ljava/lang/Object;)Ljava/lang/invoke/MemberName;+6 java.base@17.0.1
j  java.lang.invoke.MethodHandleNatives.linkCallSite(Ljava/lang/Object;ILjava/lang/Object;Ljava/lang/Object;Ljava/lang/Object;Ljava/lang/Object;[Ljava/lang/Object;)Ljava/lang/invoke/MemberName;+46 java.base@17.0.1
v  ~StubRoutines::call_stub
j  org.junit.jupiter.engine.config.CachingJupiterConfiguration.getDefaultTestMethodOrderer()Ljava/util/Optional;+7
j  org.junit.jupiter.engine.discovery.MethodOrderingVisitor$$Lambda$187+0x0000000800c3dcd8.get()Ljava/lang/Object;+4
j  java.util.Optional.orElseGet(Ljava/util/function/Supplier;)Ljava/lang/Object;+15 java.base@17.0.1
j  org.junit.jupiter.engine.discovery.MethodOrderingVisitor.orderContainedMethods(Lorg/junit/jupiter/engine/descriptor/ClassBasedTestDescriptor;Ljava/lang/Class;)V+44
j  org.junit.jupiter.engine.discovery.MethodOrderingVisitor.lambda$visit$0(Lorg/junit/jupiter/engine/descriptor/ClassBasedTestDescriptor;)V+6
j  org.junit.jupiter.engine.discovery.MethodOrderingVisitor$$Lambda$182+0x0000000800c3fc30.accept(Ljava/lang/Object;)V+8
j  org.junit.jupiter.engine.discovery.AbstractOrderingVisitor.doWithMatchingDescriptor(Ljava/lang/Class;Lorg/junit/platform/engine/TestDescriptor;Ljava/util/function/Consumer;Ljava/util/function/Function;)V+14
j  org.junit.jupiter.engine.discovery.MethodOrderingVisitor.visit(Lorg/junit/platform/engine/TestDescriptor;)V+15
j  org.junit.platform.engine.TestDescriptor.accept(Lorg/junit/platform/engine/TestDescriptor$Visitor;)V+9
j  org.junit.platform.engine.TestDescriptor.lambda$accept$0(Lorg/junit/platform/engine/TestDescriptor$Visitor;Lorg/junit/platform/engine/TestDescriptor;)V+2
j  org.junit.platform.engine.TestDescriptor$$Lambda$181+0x0000000800c3fa00.accept(Ljava/lang/Object;)V+8
j  java.lang.Iterable.forEach(Ljava/util/function/Consumer;)V+30 java.base@17.0.1
j  org.junit.platform.engine.TestDescriptor.accept(Lorg/junit/platform/engine/TestDescriptor$Visitor;)V+33
j  org.junit.platform.engine.support.discovery.EngineDiscoveryRequestResolution$$Lambda$167+0x0000000800c3aec8.accept(Ljava/lang/Object;)V+8
j  java.util.ArrayList.forEach(Ljava/util/function/Consumer;)V+46 java.base@17.0.1
j  org.junit.platform.engine.support.discovery.EngineDiscoveryRequestResolution.run()V+70
j  org.junit.platform.engine.support.discovery.EngineDiscoveryRequestResolver.resolve(Lorg/junit/platform/engine/EngineDiscoveryRequest;Lorg/junit/platform/engine/TestDescriptor;)V+59
j  org.junit.jupiter.engine.discovery.DiscoverySelectorResolver.resolveSelectors(Lorg/junit/platform/engine/EngineDiscoveryRequest;Lorg/junit/jupiter/engine/descriptor/JupiterEngineDescriptor;)V+5
j  org.junit.jupiter.engine.JupiterTestEngine.discover(Lorg/junit/platform/engine/EngineDiscoveryRequest;Lorg/junit/platform/engine/UniqueId;)Lorg/junit/platform/engine/TestDescriptor;+42
j  org.junit.platform.launcher.core.EngineDiscoveryOrchestrator.discoverEngineRoot(Lorg/junit/platform/engine/TestEngine;Lorg/junit/platform/launcher/LauncherDiscoveryRequest;Lorg/junit/platform/launcher/LauncherDiscoveryListener;Ljava/util/function/Function;)Lorg/junit/platform/engine/TestDescriptor;+30
j  org.junit.platform.launcher.core.EngineDiscoveryOrchestrator.discoverSafely(Lorg/junit/platform/launcher/LauncherDiscoveryRequest;Lorg/junit/platform/launcher/core/EngineDiscoveryOrchestrator$Phase;Lorg/junit/platform/launcher/LauncherDiscoveryListener;Ljava/util/function/Function;)Ljava/util/Map;+124
j  org.junit.platform.launcher.core.EngineDiscoveryOrchestrator.discover(Lorg/junit/platform/launcher/LauncherDiscoveryRequest;Lorg/junit/platform/launcher/core/EngineDiscoveryOrchestrator$Phase;Ljava/util/function/Function;)Ljava/util/Map;+21
j  org.junit.platform.launcher.core.EngineDiscoveryOrchestrator.discover(Lorg/junit/platform/launcher/LauncherDiscoveryRequest;Lorg/junit/platform/launcher/core/EngineDiscoveryOrchestrator$Phase;)Lorg/junit/platform/launcher/core/LauncherDiscoveryResult;+8
j  org.junit.platform.launcher.core.DefaultLauncher.discover(Lorg/junit/platform/launcher/LauncherDiscoveryRequest;Lorg/junit/platform/launcher/core/EngineDiscoveryOrchestrator$Phase;)Lorg/junit/platform/launcher/core/LauncherDiscoveryResult;+6
j  org.junit.platform.launcher.core.DefaultLauncher.execute(Lorg/junit/platform/launcher/LauncherDiscoveryRequest;[Lorg/junit/platform/launcher/TestExecutionListener;)V+27
j  org.junit.platform.launcher.core.DefaultLauncherSession$DelegatingLauncher.execute(Lorg/junit/platform/launcher/LauncherDiscoveryRequest;[Lorg/junit/platform/launcher/TestExecutionListener;)V+6
j  org.junit.platform.launcher.core.SessionPerRequestLauncher.execute(Lorg/junit/platform/launcher/LauncherDiscoveryRequest;[Lorg/junit/platform/launcher/TestExecutionListener;)V+13
j  com.intellij.junit5.JUnit5IdeaTestRunner.startRunnerWithArgs([Ljava/lang/String;Ljava/lang/String;IZ)I+202
j  com.intellij.rt.junit.IdeaTestRunner$Repeater$1.execute(Z)I+17
j  com.intellij.rt.execution.junit.TestsRepeater.repeat(IZLcom/intellij/rt/execution/junit/TestsRepeater$TestRun;)I+7
j  com.intellij.rt.junit.IdeaTestRunner$Repeater.startRunnerWithArgs(Lcom/intellij/rt/junit/IdeaTestRunner;[Ljava/lang/String;Ljava/util/ArrayList;Ljava/lang/String;IZ)I+25
j  com.intellij.rt.junit.JUnitStarter.prepareStreamsAndStart([Ljava/lang/String;Ljava/lang/String;Ljava/util/ArrayList;Ljava/lang/String;)I+116
j  com.intellij.rt.junit.JUnitStarter.main([Ljava/lang/String;)V+97
v  ~StubRoutines::call_stub

---------------  P R O C E S S  ---------------

Threads class SMR info:
_java_thread_list=0x000001f3d8576bd0, length=14, elements={
0x000001f3b22e54f0, 0x000001f3d7a823f0, 0x000001f3d7a85270, 0x000001f3d7a99800,
0x000001f3d7a9d0e0, 0x000001f3d7a9da90, 0x000001f3d7a9e440, 0x000001f3d7aa8730,
0x000001f3d7aaa130, 0x000001f3d8408070, 0x000001f3d7a6d8e0, 0x000001f3d84f7430,
0x000001f3d85d9780, 0x000001f3d85d9c50
}

Java Threads: ( => current thread )
=>0x000001f3b22e54f0 JavaThread "main" [_thread_in_vm, id=12608, stack(0x0000006401c00000,0x0000006401d00000)]
  0x000001f3d7a823f0 JavaThread "Reference Handler" daemon [_thread_blocked, id=37568, stack(0x0000006402300000,0x0000006402400000)]
  0x000001f3d7a85270 JavaThread "Finalizer" daemon [_thread_blocked, id=14128, stack(0x0000006402400000,0x0000006402500000)]
  0x000001f3d7a99800 JavaThread "Signal Dispatcher" daemon [_thread_blocked, id=23432, stack(0x0000006402500000,0x0000006402600000)]
  0x000001f3d7a9d0e0 JavaThread "Attach Listener" daemon [_thread_blocked, id=62856, stack(0x0000006402600000,0x0000006402700000)]
  0x000001f3d7a9da90 JavaThread "Service Thread" daemon [_thread_blocked, id=64064, stack(0x0000006402700000,0x0000006402800000)]
  0x000001f3d7a9e440 JavaThread "Monitor Deflation Thread" daemon [_thread_blocked, id=50056, stack(0x0000006402800000,0x0000006402900000)]
  0x000001f3d7aa8730 JavaThread "C2 CompilerThread0" daemon [_thread_blocked, id=65256, stack(0x0000006402900000,0x0000006402a00000)]
  0x000001f3d7aaa130 JavaThread "C1 CompilerThread0" daemon [_thread_blocked, id=63344, stack(0x0000006402a00000,0x0000006402b00000)]
  0x000001f3d8408070 JavaThread "Sweeper thread" daemon [_thread_blocked, id=50920, stack(0x0000006402b00000,0x0000006402c00000)]
  0x000001f3d7a6d8e0 JavaThread "Common-Cleaner" daemon [_thread_blocked, id=9848, stack(0x0000006402c00000,0x0000006402d00000)]
  0x000001f3d84f7430 JavaThread "C1 CompilerThread1" daemon [_thread_blocked, id=63780, stack(0x0000006402d00000,0x0000006402e00000)]
  0x000001f3d85d9780 JavaThread "Monitor Ctrl-Break" daemon [_thread_in_native, id=59984, stack(0x0000006402e00000,0x0000006402f00000)]
  0x000001f3d85d9c50 JavaThread "Notification Thread" daemon [_thread_blocked, id=54756, stack(0x0000006402f00000,0x0000006403000000)]

Other Threads:
  0x000001f3d7a7e8f0 VMThread "VM Thread" [stack: 0x0000006402200000,0x0000006402300000] [id=51916]
  0x000001f3d85dedc0 WatcherThread [stack: 0x0000006403000000,0x0000006403100000] [id=64040]
  0x000001f3b2334b50 GCTaskThread "GC Thread#0" [stack: 0x0000006401d00000,0x0000006401e00000] [id=21068]
  0x000001f3b23459d0 ConcurrentGCThread "G1 Main Marker" [stack: 0x0000006401e00000,0x0000006401f00000] [id=11856]
  0x000001f3b2346b80 ConcurrentGCThread "G1 Conc#0" [stack: 0x0000006401f00000,0x0000006402000000] [id=55548]
  0x000001f3b23b0270 ConcurrentGCThread "G1 Refine#0" [stack: 0x0000006402000000,0x0000006402100000] [id=64524]
  0x000001f3b23b0c90 ConcurrentGCThread "G1 Service" [stack: 0x0000006402100000,0x0000006402200000] [id=64500]

Threads with active compile tasks:

VM state: not at safepoint (normal execution)

VM Mutex/Monitor currently owned by a thread:  ([mutex/lock_event])
[0x000001f3b22de280] Metaspace_lock - owner thread: 0x000001f3b22e54f0

Heap address: 0x0000000700c00000, size: 4084 MB, Compressed Oops mode: Zero based, Oop shift amount: 3

CDS archive(s) mapped at: [0x0000000800000000-0x0000000800bc0000-0x0000000800bc0000), size 12320768, SharedBaseAddress: 0x0000000800000000, ArchiveRelocationMode: 0.
Compressed class space mapped at: 0x0000000800c00000-0x0000000840c00000, reserved size: 1073741824
Narrow klass base: 0x0000000800000000, Narrow klass shift: 0, Narrow klass range: 0x100000000

GC Precious Log:
 CPUs: 16 total, 16 available
 Memory: 16332M
 Large Page Support: Disabled
 NUMA Support: Disabled
 Compressed Oops: Enabled (Zero based)
 Heap Region Size: 2M
 Heap Min Capacity: 8M
 Heap Initial Capacity: 256M
 Heap Max Capacity: 4084M
 Pre-touch: Disabled
 Parallel Workers: 13
 Concurrent Workers: 3
 Concurrent Refinement Workers: 13
 Periodic GC: Disabled

Heap:
 garbage-first heap   total 262144K, used 10240K [0x0000000700c00000, 0x0000000800000000)
  region size 2048K, 6 young (12288K), 0 survivors (0K)
 Metaspace       used 3435K, committed 3584K, reserved 1056768K
  class space    used 405K, committed 448K, reserved 1048576K

Heap Regions: E=young(eden), S=young(survivor), O=old, HS=humongous(starts), HC=humongous(continues), CS=collection set, F=free, OA=open archive, CA=closed archive, TAMS=top-at-mark-start (previous, next)
|   0|0x0000000700c00000, 0x0000000700c00000, 0x0000000700e00000|  0%| F|  |TAMS 0x0000000700c00000, 0x0000000700c00000| Untracked 
|   1|0x0000000700e00000, 0x0000000700e00000, 0x0000000701000000|  0%| F|  |TAMS 0x0000000700e00000, 0x0000000700e00000| Untracked 
|   2|0x0000000701000000, 0x0000000701000000, 0x0000000701200000|  0%| F|  |TAMS 0x0000000701000000, 0x0000000701000000| Untracked 
|   3|0x0000000701200000, 0x0000000701200000, 0x0000000701400000|  0%| F|  |TAMS 0x0000000701200000, 0x0000000701200000| Untracked 
|   4|0x0000000701400000, 0x0000000701400000, 0x0000000701600000|  0%| F|  |TAMS 0x0000000701400000, 0x0000000701400000| Untracked 
|   5|0x0000000701600000, 0x0000000701600000, 0x0000000701800000|  0%| F|  |TAMS 0x0000000701600000, 0x0000000701600000| Untracked 
|   6|0x0000000701800000, 0x0000000701800000, 0x0000000701a00000|  0%| F|  |TAMS 0x0000000701800000, 0x0000000701800000| Untracked 
|   7|0x0000000701a00000, 0x0000000701a00000, 0x0000000701c00000|  0%| F|  |TAMS 0x0000000701a00000, 0x0000000701a00000| Untracked 
|   8|0x0000000701c00000, 0x0000000701c00000, 0x0000000701e00000|  0%| F|  |TAMS 0x0000000701c00000, 0x0000000701c00000| Untracked 
|   9|0x0000000701e00000, 0x0000000701e00000, 0x0000000702000000|  0%| F|  |TAMS 0x0000000701e00000, 0x0000000701e00000| Untracked 
|  10|0x0000000702000000, 0x0000000702000000, 0x0000000702200000|  0%| F|  |TAMS 0x0000000702000000, 0x0000000702000000| Untracked 
|  11|0x0000000702200000, 0x0000000702200000, 0x0000000702400000|  0%| F|  |TAMS 0x0000000702200000, 0x0000000702200000| Untracked 
|  12|0x0000000702400000, 0x0000000702400000, 0x0000000702600000|  0%| F|  |TAMS 0x0000000702400000, 0x0000000702400000| Untracked 
|  13|0x0000000702600000, 0x0000000702600000, 0x0000000702800000|  0%| F|  |TAMS 0x0000000702600000, 0x0000000702600000| Untracked 
|  14|0x0000000702800000, 0x0000000702800000, 0x0000000702a00000|  0%| F|  |TAMS 0x0000000702800000, 0x0000000702800000| Untracked 
|  15|0x0000000702a00000, 0x0000000702a00000, 0x0000000702c00000|  0%| F|  |TAMS 0x0000000702a00000, 0x0000000702a00000| Untracked 
|  16|0x0000000702c00000, 0x0000000702c00000, 0x0000000702e00000|  0%| F|  |TAMS 0x0000000702c00000, 0x0000000702c00000| Untracked 
|  17|0x0000000702e00000, 0x0000000702e00000, 0x0000000703000000|  0%| F|  |TAMS 0x0000000702e00000, 0x0000000702e00000| Untracked 
|  18|0x0000000703000000, 0x0000000703000000, 0x0000000703200000|  0%| F|  |TAMS 0x0000000703000000, 0x0000000703000000| Untracked 
|  19|0x0000000703200000, 0x0000000703200000, 0x0000000703400000|  0%| F|  |TAMS 0x0000000703200000, 0x0000000703200000| Untracked 
|  20|0x0000000703400000, 0x0000000703400000, 0x0000000703600000|  0%| F|  |TAMS 0x0000000703400000, 0x0000000703400000| Untracked 
|  21|0x0000000703600000, 0x0000000703600000, 0x0000000703800000|  0%| F|  |TAMS 0x0000000703600000, 0x0000000703600000| Untracked 
|  22|0x0000000703800000, 0x0000000703800000, 0x0000000703a00000|  0%| F|  |TAMS 0x0000000703800000, 0x0000000703800000| Untracked 
|  23|0x0000000703a00000, 0x0000000703a00000, 0x0000000703c00000|  0%| F|  |TAMS 0x0000000703a00000, 0x0000000703a00000| Untracked 
|  24|0x0000000703c00000, 0x0000000703c00000, 0x0000000703e00000|  0%| F|  |TAMS 0x0000000703c00000, 0x0000000703c00000| Untracked 
|  25|0x0000000703e00000, 0x0000000703e00000, 0x0000000704000000|  0%| F|  |TAMS 0x0000000703e00000, 0x0000000703e00000| Untracked 
|  26|0x0000000704000000, 0x0000000704000000, 0x0000000704200000|  0%| F|  |TAMS 0x0000000704000000, 0x0000000704000000| Untracked 
|  27|0x0000000704200000, 0x0000000704200000, 0x0000000704400000|  0%| F|  |TAMS 0x0000000704200000, 0x0000000704200000| Untracked 
|  28|0x0000000704400000, 0x0000000704400000, 0x0000000704600000|  0%| F|  |TAMS 0x0000000704400000, 0x0000000704400000| Untracked 
|  29|0x0000000704600000, 0x0000000704600000, 0x0000000704800000|  0%| F|  |TAMS 0x0000000704600000, 0x0000000704600000| Untracked 
|  30|0x0000000704800000, 0x0000000704800000, 0x0000000704a00000|  0%| F|  |TAMS 0x0000000704800000, 0x0000000704800000| Untracked 
|  31|0x0000000704a00000, 0x0000000704a00000, 0x0000000704c00000|  0%| F|  |TAMS 0x0000000704a00000, 0x0000000704a00000| Untracked 
|  32|0x0000000704c00000, 0x0000000704c00000, 0x0000000704e00000|  0%| F|  |TAMS 0x0000000704c00000, 0x0000000704c00000| Untracked 
|  33|0x0000000704e00000, 0x0000000704e00000, 0x0000000705000000|  0%| F|  |TAMS 0x0000000704e00000, 0x0000000704e00000| Untracked 
|  34|0x0000000705000000, 0x0000000705000000, 0x0000000705200000|  0%| F|  |TAMS 0x0000000705000000, 0x0000000705000000| Untracked 
|  35|0x0000000705200000, 0x0000000705200000, 0x0000000705400000|  0%| F|  |TAMS 0x0000000705200000, 0x0000000705200000| Untracked 
|  36|0x0000000705400000, 0x0000000705400000, 0x0000000705600000|  0%| F|  |TAMS 0x0000000705400000, 0x0000000705400000| Untracked 
|  37|0x0000000705600000, 0x0000000705600000, 0x0000000705800000|  0%| F|  |TAMS 0x0000000705600000, 0x0000000705600000| Untracked 
|  38|0x0000000705800000, 0x0000000705800000, 0x0000000705a00000|  0%| F|  |TAMS 0x0000000705800000, 0x0000000705800000| Untracked 
|  39|0x0000000705a00000, 0x0000000705a00000, 0x0000000705c00000|  0%| F|  |TAMS 0x0000000705a00000, 0x0000000705a00000| Untracked 
|  40|0x0000000705c00000, 0x0000000705c00000, 0x0000000705e00000|  0%| F|  |TAMS 0x0000000705c00000, 0x0000000705c00000| Untracked 
|  41|0x0000000705e00000, 0x0000000705e00000, 0x0000000706000000|  0%| F|  |TAMS 0x0000000705e00000, 0x0000000705e00000| Untracked 
|  42|0x0000000706000000, 0x0000000706000000, 0x0000000706200000|  0%| F|  |TAMS 0x0000000706000000, 0x0000000706000000| Untracked 
|  43|0x0000000706200000, 0x0000000706200000, 0x0000000706400000|  0%| F|  |TAMS 0x0000000706200000, 0x0000000706200000| Untracked 
|  44|0x0000000706400000, 0x0000000706400000, 0x0000000706600000|  0%| F|  |TAMS 0x0000000706400000, 0x0000000706400000| Untracked 
|  45|0x0000000706600000, 0x0000000706600000, 0x0000000706800000|  0%| F|  |TAMS 0x0000000706600000, 0x0000000706600000| Untracked 
|  46|0x0000000706800000, 0x0000000706800000, 0x0000000706a00000|  0%| F|  |TAMS 0x0000000706800000, 0x0000000706800000| Untracked 
|  47|0x0000000706a00000, 0x0000000706a00000, 0x0000000706c00000|  0%| F|  |TAMS 0x0000000706a00000, 0x0000000706a00000| Untracked 
|  48|0x0000000706c00000, 0x0000000706c00000, 0x0000000706e00000|  0%| F|  |TAMS 0x0000000706c00000, 0x0000000706c00000| Untracked 
|  49|0x0000000706e00000, 0x0000000706e00000, 0x0000000707000000|  0%| F|  |TAMS 0x0000000706e00000, 0x0000000706e00000| Untracked 
|  50|0x0000000707000000, 0x0000000707000000, 0x0000000707200000|  0%| F|  |TAMS 0x0000000707000000, 0x0000000707000000| Untracked 
|  51|0x0000000707200000, 0x0000000707200000, 0x0000000707400000|  0%| F|  |TAMS 0x0000000707200000, 0x0000000707200000| Untracked 
|  52|0x0000000707400000, 0x0000000707400000, 0x0000000707600000|  0%| F|  |TAMS 0x0000000707400000, 0x0000000707400000| Untracked 
|  53|0x0000000707600000, 0x0000000707600000, 0x0000000707800000|  0%| F|  |TAMS 0x0000000707600000, 0x0000000707600000| Untracked 
|  54|0x0000000707800000, 0x0000000707800000, 0x0000000707a00000|  0%| F|  |TAMS 0x0000000707800000, 0x0000000707800000| Untracked 
|  55|0x0000000707a00000, 0x0000000707a00000, 0x0000000707c00000|  0%| F|  |TAMS 0x0000000707a00000, 0x0000000707a00000| Untracked 
|  56|0x0000000707c00000, 0x0000000707c00000, 0x0000000707e00000|  0%| F|  |TAMS 0x0000000707c00000, 0x0000000707c00000| Untracked 
|  57|0x0000000707e00000, 0x0000000707e00000, 0x0000000708000000|  0%| F|  |TAMS 0x0000000707e00000, 0x0000000707e00000| Untracked 
|  58|0x0000000708000000, 0x0000000708000000, 0x0000000708200000|  0%| F|  |TAMS 0x0000000708000000, 0x0000000708000000| Untracked 
|  59|0x0000000708200000, 0x0000000708200000, 0x0000000708400000|  0%| F|  |TAMS 0x0000000708200000, 0x0000000708200000| Untracked 
|  60|0x0000000708400000, 0x0000000708400000, 0x0000000708600000|  0%| F|  |TAMS 0x0000000708400000, 0x0000000708400000| Untracked 
|  61|0x0000000708600000, 0x0000000708600000, 0x0000000708800000|  0%| F|  |TAMS 0x0000000708600000, 0x0000000708600000| Untracked 
|  62|0x0000000708800000, 0x0000000708800000, 0x0000000708a00000|  0%| F|  |TAMS 0x0000000708800000, 0x0000000708800000| Untracked 
|  63|0x0000000708a00000, 0x0000000708a00000, 0x0000000708c00000|  0%| F|  |TAMS 0x0000000708a00000, 0x0000000708a00000| Untracked 
|  64|0x0000000708c00000, 0x0000000708c00000, 0x0000000708e00000|  0%| F|  |TAMS 0x0000000708c00000, 0x0000000708c00000| Untracked 
|  65|0x0000000708e00000, 0x0000000708e00000, 0x0000000709000000|  0%| F|  |TAMS 0x0000000708e00000, 0x0000000708e00000| Untracked 
|  66|0x0000000709000000, 0x0000000709000000, 0x0000000709200000|  0%| F|  |TAMS 0x0000000709000000, 0x0000000709000000| Untracked 
|  67|0x0000000709200000, 0x0000000709200000, 0x0000000709400000|  0%| F|  |TAMS 0x0000000709200000, 0x0000000709200000| Untracked 
|  68|0x0000000709400000, 0x0000000709400000, 0x0000000709600000|  0%| F|  |TAMS 0x0000000709400000, 0x0000000709400000| Untracked 
|  69|0x0000000709600000, 0x0000000709600000, 0x0000000709800000|  0%| F|  |TAMS 0x0000000709600000, 0x0000000709600000| Untracked 
|  70|0x0000000709800000, 0x0000000709800000, 0x0000000709a00000|  0%| F|  |TAMS 0x0000000709800000, 0x0000000709800000| Untracked 
|  71|0x0000000709a00000, 0x0000000709a00000, 0x0000000709c00000|  0%| F|  |TAMS 0x0000000709a00000, 0x0000000709a00000| Untracked 
|  72|0x0000000709c00000, 0x0000000709c00000, 0x0000000709e00000|  0%| F|  |TAMS 0x0000000709c00000, 0x0000000709c00000| Untracked 
|  73|0x0000000709e00000, 0x0000000709e00000, 0x000000070a000000|  0%| F|  |TAMS 0x0000000709e00000, 0x0000000709e00000| Untracked 
|  74|0x000000070a000000, 0x000000070a000000, 0x000000070a200000|  0%| F|  |TAMS 0x000000070a000000, 0x000000070a000000| Untracked 
|  75|0x000000070a200000, 0x000000070a200000, 0x000000070a400000|  0%| F|  |TAMS 0x000000070a200000, 0x000000070a200000| Untracked 
|  76|0x000000070a400000, 0x000000070a400000, 0x000000070a600000|  0%| F|  |TAMS 0x000000070a400000, 0x000000070a400000| Untracked 
|  77|0x000000070a600000, 0x000000070a600000, 0x000000070a800000|  0%| F|  |TAMS 0x000000070a600000, 0x000000070a600000| Untracked 
|  78|0x000000070a800000, 0x000000070a800000, 0x000000070aa00000|  0%| F|  |TAMS 0x000000070a800000, 0x000000070a800000| Untracked 
|  79|0x000000070aa00000, 0x000000070aa00000, 0x000000070ac00000|  0%| F|  |TAMS 0x000000070aa00000, 0x000000070aa00000| Untracked 
|  80|0x000000070ac00000, 0x000000070ac00000, 0x000000070ae00000|  0%| F|  |TAMS 0x000000070ac00000, 0x000000070ac00000| Untracked 
|  81|0x000000070ae00000, 0x000000070ae00000, 0x000000070b000000|  0%| F|  |TAMS 0x000000070ae00000, 0x000000070ae00000| Untracked 
|  82|0x000000070b000000, 0x000000070b000000, 0x000000070b200000|  0%| F|  |TAMS 0x000000070b000000, 0x000000070b000000| Untracked 
|  83|0x000000070b200000, 0x000000070b200000, 0x000000070b400000|  0%| F|  |TAMS 0x000000070b200000, 0x000000070b200000| Untracked 
|  84|0x000000070b400000, 0x000000070b400000, 0x000000070b600000|  0%| F|  |TAMS 0x000000070b400000, 0x000000070b400000| Untracked 
|  85|0x000000070b600000, 0x000000070b600000, 0x000000070b800000|  0%| F|  |TAMS 0x000000070b600000, 0x000000070b600000| Untracked 
|  86|0x000000070b800000, 0x000000070b800000, 0x000000070ba00000|  0%| F|  |TAMS 0x000000070b800000, 0x000000070b800000| Untracked 
|  87|0x000000070ba00000, 0x000000070ba00000, 0x000000070bc00000|  0%| F|  |TAMS 0x000000070ba00000, 0x000000070ba00000| Untracked 
|  88|0x000000070bc00000, 0x000000070bc00000, 0x000000070be00000|  0%| F|  |TAMS 0x000000070bc00000, 0x000000070bc00000| Untracked 
|  89|0x000000070be00000, 0x000000070be00000, 0x000000070c000000|  0%| F|  |TAMS 0x000000070be00000, 0x000000070be00000| Untracked 
|  90|0x000000070c000000, 0x000000070c000000, 0x000000070c200000|  0%| F|  |TAMS 0x000000070c000000, 0x000000070c000000| Untracked 
|  91|0x000000070c200000, 0x000000070c200000, 0x000000070c400000|  0%| F|  |TAMS 0x000000070c200000, 0x000000070c200000| Untracked 
|  92|0x000000070c400000, 0x000000070c400000, 0x000000070c600000|  0%| F|  |TAMS 0x000000070c400000, 0x000000070c400000| Untracked 
|  93|0x000000070c600000, 0x000000070c600000, 0x000000070c800000|  0%| F|  |TAMS 0x000000070c600000, 0x000000070c600000| Untracked 
|  94|0x000000070c800000, 0x000000070c800000, 0x000000070ca00000|  0%| F|  |TAMS 0x000000070c800000, 0x000000070c800000| Untracked 
|  95|0x000000070ca00000, 0x000000070ca00000, 0x000000070cc00000|  0%| F|  |TAMS 0x000000070ca00000, 0x000000070ca00000| Untracked 
|  96|0x000000070cc00000, 0x000000070cc00000, 0x000000070ce00000|  0%| F|  |TAMS 0x000000070cc00000, 0x000000070cc00000| Untracked 
|  97|0x000000070ce00000, 0x000000070ce00000, 0x000000070d000000|  0%| F|  |TAMS 0x000000070ce00000, 0x000000070ce00000| Untracked 
|  98|0x000000070d000000, 0x000000070d000000, 0x000000070d200000|  0%| F|  |TAMS 0x000000070d000000, 0x000000070d000000| Untracked 
|  99|0x000000070d200000, 0x000000070d200000, 0x000000070d400000|  0%| F|  |TAMS 0x000000070d200000, 0x000000070d200000| Untracked 
| 100|0x000000070d400000, 0x000000070d400000, 0x000000070d600000|  0%| F|  |TAMS 0x000000070d400000, 0x000000070d400000| Untracked 
| 101|0x000000070d600000, 0x000000070d600000, 0x000000070d800000|  0%| F|  |TAMS 0x000000070d600000, 0x000000070d600000| Untracked 
| 102|0x000000070d800000, 0x000000070d800000, 0x000000070da00000|  0%| F|  |TAMS 0x000000070d800000, 0x000000070d800000| Untracked 
| 103|0x000000070da00000, 0x000000070da00000, 0x000000070dc00000|  0%| F|  |TAMS 0x000000070da00000, 0x000000070da00000| Untracked 
| 104|0x000000070dc00000, 0x000000070dc00000, 0x000000070de00000|  0%| F|  |TAMS 0x000000070dc00000, 0x000000070dc00000| Untracked 
| 105|0x000000070de00000, 0x000000070de00000, 0x000000070e000000|  0%| F|  |TAMS 0x000000070de00000, 0x000000070de00000| Untracked 
| 106|0x000000070e000000, 0x000000070e000000, 0x000000070e200000|  0%| F|  |TAMS 0x000000070e000000, 0x000000070e000000| Untracked 
| 107|0x000000070e200000, 0x000000070e200000, 0x000000070e400000|  0%| F|  |TAMS 0x000000070e200000, 0x000000070e200000| Untracked 
| 108|0x000000070e400000, 0x000000070e400000, 0x000000070e600000|  0%| F|  |TAMS 0x000000070e400000, 0x000000070e400000| Untracked 
| 109|0x000000070e600000, 0x000000070e600000, 0x000000070e800000|  0%| F|  |TAMS 0x000000070e600000, 0x000000070e600000| Untracked 
| 110|0x000000070e800000, 0x000000070e800000, 0x000000070ea00000|  0%| F|  |TAMS 0x000000070e800000, 0x000000070e800000| Untracked 
| 111|0x000000070ea00000, 0x000000070ea00000, 0x000000070ec00000|  0%| F|  |TAMS 0x000000070ea00000, 0x000000070ea00000| Untracked 
| 112|0x000000070ec00000, 0x000000070ec00000, 0x000000070ee00000|  0%| F|  |TAMS 0x000000070ec00000, 0x000000070ec00000| Untracked 
| 113|0x000000070ee00000, 0x000000070ee00000, 0x000000070f000000|  0%| F|  |TAMS 0x000000070ee00000, 0x000000070ee00000| Untracked 
| 114|0x000000070f000000, 0x000000070f000000, 0x000000070f200000|  0%| F|  |TAMS 0x000000070f000000, 0x000000070f000000| Untracked 
| 115|0x000000070f200000, 0x000000070f200000, 0x000000070f400000|  0%| F|  |TAMS 0x000000070f200000, 0x000000070f200000| Untracked 
| 116|0x000000070f400000, 0x000000070f400000, 0x000000070f600000|  0%| F|  |TAMS 0x000000070f400000, 0x000000070f400000| Untracked 
| 117|0x000000070f600000, 0x000000070f600000, 0x000000070f800000|  0%| F|  |TAMS 0x000000070f600000, 0x000000070f600000| Untracked 
| 118|0x000000070f800000, 0x000000070f800000, 0x000000070fa00000|  0%| F|  |TAMS 0x000000070f800000, 0x000000070f800000| Untracked 
| 119|0x000000070fa00000, 0x000000070fa00000, 0x000000070fc00000|  0%| F|  |TAMS 0x000000070fa00000, 0x000000070fa00000| Untracked 
| 120|0x000000070fc00000, 0x000000070fc00000, 0x000000070fe00000|  0%| F|  |TAMS 0x000000070fc00000, 0x000000070fc00000| Untracked 
| 121|0x000000070fe00000, 0x000000070fe00000, 0x0000000710000000|  0%| F|  |TAMS 0x000000070fe00000, 0x000000070fe00000| Untracked 
| 122|0x0000000710000000, 0x00000007101cf930, 0x0000000710200000| 90%| E|  |TAMS 0x0000000710000000, 0x0000000710000000| Complete 
| 123|0x0000000710200000, 0x0000000710400000, 0x0000000710400000|100%| E|CS|TAMS 0x0000000710200000, 0x0000000710200000| Complete 
| 124|0x0000000710400000, 0x0000000710600000, 0x0000000710600000|100%| E|CS|TAMS 0x0000000710400000, 0x0000000710400000| Complete 
| 125|0x0000000710600000, 0x0000000710800000, 0x0000000710800000|100%| E|CS|TAMS 0x0000000710600000, 0x0000000710600000| Complete 
| 126|0x0000000710800000, 0x0000000710a00000, 0x0000000710a00000|100%| E|CS|TAMS 0x0000000710800000, 0x0000000710800000| Complete 
| 127|0x0000000710a00000, 0x0000000710c00000, 0x0000000710c00000|100%| E|CS|TAMS 0x0000000710a00000, 0x0000000710a00000| Complete 

Card table byte_map: [0x000001f3cba80000,0x000001f3cc280000] _byte_map_base: 0x000001f3c827a000

Marking Bits (Prev, Next): (CMBitMap*) 0x000001f3b2335160, (CMBitMap*) 0x000001f3b23351a0
 Prev Bits: [0x000001f3cca80000, 0x000001f3d0a50000)
 Next Bits: [0x000001f3d0a50000, 0x000001f3d4a20000)

Polling page: 0x000001f3b23c0000

Metaspace:

Usage:
  Non-class:      2.96 MB used.
      Class:    405.05 KB used.
       Both:      3.35 MB used.

Virtual space:
  Non-class space:        8.00 MB reserved,       3.06 MB ( 38%) committed,  1 nodes.
      Class space:        1.00 GB reserved,     448.00 KB ( <1%) committed,  1 nodes.
             Both:        1.01 GB reserved,       3.50 MB ( <1%) committed. 

Chunk freelists:
   Non-Class:  2.78 MB
       Class:  3.48 MB
        Both:  6.27 MB

MaxMetaspaceSize: unlimited
CompressedClassSpaceSize: 1.00 GB
Initial GC threshold: 21.00 MB
Current GC threshold: 21.00 MB
CDS: on
MetaspaceReclaimPolicy: balanced
 - commit_granule_bytes: 65536.
 - commit_granule_words: 8192.
 - virtual_space_node_default_size: 1048576.
 - enlarge_chunks_in_place: 1.
 - new_chunks_are_fully_committed: 0.
 - uncommit_free_chunks: 1.
 - use_allocation_guard: 0.
 - handle_deallocations: 1.


Internal statistics:

num_allocs_failed_limit: 0.
num_arena_births: 64.
num_arena_deaths: 0.
num_vsnodes_births: 2.
num_vsnodes_deaths: 0.
num_space_committed: 56.
num_space_uncommitted: 0.
num_chunks_returned_to_freelist: 0.
num_chunks_taken_from_freelist: 192.
num_chunk_merges: 0.
num_chunk_splits: 93.
num_chunks_enlarged: 43.
num_purges: 0.
num_inconsistent_stats: 0.

CodeHeap 'non-profiled nmethods': size=119168Kb used=240Kb max_used=240Kb free=118927Kb
 bounds [0x000001f3c2e60000, 0x000001f3c30d0000, 0x000001f3ca2c0000]
CodeHeap 'profiled nmethods': size=119104Kb used=1545Kb max_used=1545Kb free=117558Kb
 bounds [0x000001f3bba10000, 0x000001f3bbc80000, 0x000001f3c2e60000]
CodeHeap 'non-nmethods': size=7488Kb used=1692Kb max_used=1710Kb free=5795Kb
 bounds [0x000001f3bb2c0000, 0x000001f3bb530000, 0x000001f3bba10000]
 total_blobs=1274 nmethods=862 adapters=324
 compilation: enabled
              stopped_count=0, restarted_count=0
 full_count=0

Compilation events (20 events):
Event: 0.292 Thread 0x000001f3d84f7430  852   !   3       java.util.jar.JarFile::isMultiRelease (33 bytes)
Event: 0.292 Thread 0x000001f3d84f7430 nmethod 852 0x000001f3bbb8e210 code [0x000001f3bbb8e3c0, 0x000001f3bbb8e5c8]
Event: 0.292 Thread 0x000001f3d84f7430  853   !   3       java.util.zip.ZipFile$CleanableResource::getInflater (47 bytes)
Event: 0.292 Thread 0x000001f3d7aaa130  854       3       java.util.zip.ZipFile$ZipFileInflaterInputStream::<init> (41 bytes)
Event: 0.292 Thread 0x000001f3d84f7430 nmethod 853 0x000001f3bbb8e690 code [0x000001f3bbb8e880, 0x000001f3bbb8ed98]
Event: 0.292 Thread 0x000001f3d7aaa130 nmethod 854 0x000001f3bbb8f010 code [0x000001f3bbb8f1e0, 0x000001f3bbb8f6b8]
Event: 0.292 Thread 0x000001f3d84f7430  855       3       java.util.zip.InflaterInputStream::<init> (79 bytes)
Event: 0.292 Thread 0x000001f3d7aaa130  856       3       java.util.zip.ZipFile$InflaterCleanupAction::<init> (15 bytes)
Event: 0.292 Thread 0x000001f3d7aaa130 nmethod 856 0x000001f3bbb8f890 code [0x000001f3bbb8fa40, 0x000001f3bbb8fc78]
Event: 0.292 Thread 0x000001f3d7aaa130  857       3       java.util.zip.ZipFile$ZipFileInflaterInputStream::fill (80 bytes)
Event: 0.292 Thread 0x000001f3d84f7430 nmethod 855 0x000001f3bbb8fd10 code [0x000001f3bbb8ff00, 0x000001f3bbb90758]
Event: 0.292 Thread 0x000001f3d84f7430  858   !   3       java.util.zip.Inflater::setInput (69 bytes)
Event: 0.293 Thread 0x000001f3d7aaa130 nmethod 857 0x000001f3bbb90910 code [0x000001f3bbb90ae0, 0x000001f3bbb90e88]
Event: 0.293 Thread 0x000001f3d7aaa130  859       3       java.util.zip.ZipFile$InflaterCleanupAction::run (12 bytes)
Event: 0.293 Thread 0x000001f3d84f7430 nmethod 858 0x000001f3bbb91010 code [0x000001f3bbb911c0, 0x000001f3bbb91588]
Event: 0.293 Thread 0x000001f3d84f7430  860   !   3       java.util.zip.ZipFile$CleanableResource::releaseInflater (53 bytes)
Event: 0.293 Thread 0x000001f3d7aaa130 nmethod 859 0x000001f3bbb91710 code [0x000001f3bbb918c0, 0x000001f3bbb91a28]
Event: 0.293 Thread 0x000001f3d84f7430 nmethod 860 0x000001f3bbb91b10 code [0x000001f3bbb91d00, 0x000001f3bbb92148]
Event: 0.293 Thread 0x000001f3d84f7430  861       3       jdk.internal.reflect.MagicAccessorImpl::<init> (5 bytes)
Event: 0.293 Thread 0x000001f3d84f7430 nmethod 861 0x000001f3bbb92390 code [0x000001f3bbb92520, 0x000001f3bbb92678]

GC Heap History (0 events):
No events

Deoptimization events (20 events):
Event: 0.193 Thread 0x000001f3b22e54f0 Uncommon trap: trap_request=0xffffffde fr.pc=0x000001f3c2e7643c relative=0x00000000000004dc
Event: 0.193 Thread 0x000001f3b22e54f0 Uncommon trap: reason=class_check action=maybe_recompile pc=0x000001f3c2e7643c method=java.util.HashMap.putVal(ILjava/lang/Object;Ljava/lang/Object;ZZ)Ljava/lang/Object; @ 253 c2
Event: 0.193 Thread 0x000001f3b22e54f0 DEOPT PACKING pc=0x000001f3c2e7643c sp=0x0000006401cfe900
Event: 0.193 Thread 0x000001f3b22e54f0 DEOPT UNPACKING pc=0x000001f3bb3123a3 sp=0x0000006401cfe8a0 mode 2
Event: 0.197 Thread 0x000001f3b22e54f0 Uncommon trap: trap_request=0xffffffde fr.pc=0x000001f3c2e7643c relative=0x00000000000004dc
Event: 0.197 Thread 0x000001f3b22e54f0 Uncommon trap: reason=class_check action=maybe_recompile pc=0x000001f3c2e7643c method=java.util.HashMap.putVal(ILjava/lang/Object;Ljava/lang/Object;ZZ)Ljava/lang/Object; @ 253 c2
Event: 0.197 Thread 0x000001f3b22e54f0 DEOPT PACKING pc=0x000001f3c2e7643c sp=0x0000006401cfe900
Event: 0.197 Thread 0x000001f3b22e54f0 DEOPT UNPACKING pc=0x000001f3bb3123a3 sp=0x0000006401cfe8a0 mode 2
Event: 0.258 Thread 0x000001f3b22e54f0 DEOPT PACKING pc=0x000001f3bba710e5 sp=0x0000006401cf8d00
Event: 0.258 Thread 0x000001f3b22e54f0 DEOPT UNPACKING pc=0x000001f3bb312b43 sp=0x0000006401cf8150 mode 0
Event: 0.263 Thread 0x000001f3b22e54f0 DEOPT PACKING pc=0x000001f3bba710e5 sp=0x0000006401cfbb80
Event: 0.263 Thread 0x000001f3b22e54f0 DEOPT UNPACKING pc=0x000001f3bb312b43 sp=0x0000006401cfafd0 mode 0
Event: 0.281 Thread 0x000001f3b22e54f0 Uncommon trap: trap_request=0xffffffde fr.pc=0x000001f3c2e8ddc0 relative=0x0000000000001220
Event: 0.281 Thread 0x000001f3b22e54f0 Uncommon trap: reason=class_check action=maybe_recompile pc=0x000001f3c2e8ddc0 method=java.util.HashMap.putVal(ILjava/lang/Object;Ljava/lang/Object;ZZ)Ljava/lang/Object; @ 91 c2
Event: 0.281 Thread 0x000001f3b22e54f0 DEOPT PACKING pc=0x000001f3c2e8ddc0 sp=0x0000006401cfd4c0
Event: 0.281 Thread 0x000001f3b22e54f0 DEOPT UNPACKING pc=0x000001f3bb3123a3 sp=0x0000006401cfd470 mode 2
Event: 0.281 Thread 0x000001f3b22e54f0 Uncommon trap: trap_request=0xffffffde fr.pc=0x000001f3c2e8ddc0 relative=0x0000000000001220
Event: 0.281 Thread 0x000001f3b22e54f0 Uncommon trap: reason=class_check action=maybe_recompile pc=0x000001f3c2e8ddc0 method=java.util.HashMap.putVal(ILjava/lang/Object;Ljava/lang/Object;ZZ)Ljava/lang/Object; @ 91 c2
Event: 0.281 Thread 0x000001f3b22e54f0 DEOPT PACKING pc=0x000001f3c2e8ddc0 sp=0x0000006401cfd4c0
Event: 0.281 Thread 0x000001f3b22e54f0 DEOPT UNPACKING pc=0x000001f3bb3123a3 sp=0x0000006401cfd470 mode 2

Classes unloaded (0 events):
No events

Classes redefined (0 events):
No events

Internal exceptions (20 events):
Event: 0.127 Thread 0x000001f3b22e54f0 Exception <a 'java/lang/NoSuchMethodError'{0x000000071066d958}: 'java.lang.Object java.lang.invoke.DirectMethodHandle$Holder.invokeInterface(java.lang.Object, java.lang.Object)'> (0x000000071066d958) 
thrown [t:\workspace\open\src\hotspot\share\interpreter\linkResolver.cpp, line 766]
Event: 0.159 Thread 0x000001f3b22e54f0 Exception <a 'java/lang/NoSuchMethodError'{0x0000000710775e98}: 'void java.lang.invoke.DirectMethodHandle$Holder.invokeStatic(java.lang.Object, java.lang.Object, java.lang.Object)'> (0x0000000710775e98) 
thrown [t:\workspace\open\src\hotspot\share\interpreter\linkResolver.cpp, line 766]
Event: 0.170 Thread 0x000001f3b22e54f0 Exception <a 'java/lang/NoSuchMethodError'{0x00000007107eb0c0}: 'java.lang.Object java.lang.invoke.DirectMethodHandle$Holder.invokeVirtual(java.lang.Object, java.lang.Object, java.lang.Object)'> (0x00000007107eb0c0) 
thrown [t:\workspace\open\src\hotspot\share\interpreter\linkResolver.cpp, line 766]
Event: 0.182 Thread 0x000001f3b22e54f0 Exception <a 'java/lang/NoSuchMethodError'{0x000000071045ce48}: 'java.lang.Object java.lang.invoke.DirectMethodHandle$Holder.newInvokeSpecial(java.lang.Object, java.lang.Object, java.lang.Object, java.lang.Object, java.lang.Object)'> (0x000000071045ce48) 
thrown [t:\workspace\open\src\hotspot\share\interpreter\linkResolver.cpp, line 766]
Event: 0.216 Thread 0x000001f3b22e54f0 Exception <a 'java/lang/NoSuchMethodError'{0x00000007105b23f0}: 'java.lang.Object java.lang.invoke.DirectMethodHandle$Holder.invokeStaticInit(java.lang.Object, java.lang.Object, java.lang.Object)'> (0x00000007105b23f0) 
thrown [t:\workspace\open\src\hotspot\share\interpreter\linkResolver.cpp, line 766]
Event: 0.217 Thread 0x000001f3b22e54f0 Exception <a 'java/lang/NoSuchMethodError'{0x00000007105b98a8}: 'void java.lang.invoke.DirectMethodHandle$Holder.invokeStaticInit(java.lang.Object, java.lang.Object, java.lang.Object)'> (0x00000007105b98a8) 
thrown [t:\workspace\open\src\hotspot\share\interpreter\linkResolver.cpp, line 766]
Event: 0.227 Thread 0x000001f3b22e54f0 Exception <a 'java/lang/NoSuchMethodError'{0x0000000710223e68}: 'int java.lang.invoke.DirectMethodHandle$Holder.invokeVirtual(java.lang.Object, java.lang.Object)'> (0x0000000710223e68) 
thrown [t:\workspace\open\src\hotspot\share\interpreter\linkResolver.cpp, line 766]
Event: 0.236 Thread 0x000001f3b22e54f0 Exception <a 'java/lang/NoSuchMethodError'{0x0000000710289158}: 'int java.lang.invoke.DirectMethodHandle$Holder.invokeSpecialIFC(java.lang.Object, java.lang.Object, java.lang.Object, java.lang.Object)'> (0x0000000710289158) 
thrown [t:\workspace\open\src\hotspot\share\interpreter\linkResolver.cpp, line 766]
Event: 0.239 Thread 0x000001f3b22e54f0 Exception <a 'java/lang/NoSuchMethodError'{0x00000007102b1520}: 'int java.lang.invoke.DirectMethodHandle$Holder.invokeSpecial(java.lang.Object, java.lang.Object, java.lang.Object)'> (0x00000007102b1520) 
thrown [t:\workspace\open\src\hotspot\share\interpreter\linkResolver.cpp, line 766]
Event: 0.245 Thread 0x000001f3b22e54f0 Exception <a 'java/lang/NoSuchMethodError'{0x0000000710313c50}: 'void java.lang.invoke.DirectMethodHandle$Holder.invokeInterface(java.lang.Object, java.lang.Object)'> (0x0000000710313c50) 
thrown [t:\workspace\open\src\hotspot\share\interpreter\linkResolver.cpp, line 766]
Event: 0.246 Thread 0x000001f3b22e54f0 Exception <a 'java/lang/IncompatibleClassChangeError'{0x00000007103171e0}: Found class java.lang.Object, but interface was expected> (0x00000007103171e0) 
thrown [t:\workspace\open\src\hotspot\share\interpreter\linkResolver.cpp, line 833]
Event: 0.254 Thread 0x000001f3b22e54f0 Exception <a 'java/lang/NoSuchMethodError'{0x0000000710396f18}: 'java.lang.Object java.lang.invoke.DirectMethodHandle$Holder.newInvokeSpecial(java.lang.Object, java.lang.Object, java.lang.Object, java.lang.Object, java.lang.Object, java.lang.Object)'> (0x0000000710396f18) 
thrown [t:\workspace\open\src\hotspot\share\interpreter\linkResolver.cpp, line 766]
Event: 0.271 Thread 0x000001f3b22e54f0 Exception <a 'java/lang/NoSuchMethodError'{0x0000000710081f28}: 'java.lang.Object java.lang.invoke.DirectMethodHandle$Holder.invokeSpecialIFC(java.lang.Object, java.lang.Object, java.lang.Object, java.lang.Object)'> (0x0000000710081f28) 
thrown [t:\workspace\open\src\hotspot\share\interpreter\linkResolver.cpp, line 766]
Event: 0.273 Thread 0x000001f3b22e54f0 Exception <a 'java/lang/NoSuchMethodError'{0x0000000710098590}: 'java.lang.Object java.lang.invoke.DirectMethodHandle$Holder.invokeInterface(java.lang.Object, java.lang.Object, java.lang.Object)'> (0x0000000710098590) 
thrown [t:\workspace\open\src\hotspot\share\interpreter\linkResolver.cpp, line 766]
Event: 0.275 Thread 0x000001f3b22e54f0 Exception <a 'java/lang/NoSuchMethodError'{0x00000007100b0260}: 'void java.lang.invoke.DirectMethodHandle$Holder.invokeSpecial(java.lang.Object, java.lang.Object, java.lang.Object)'> (0x00000007100b0260) 
thrown [t:\workspace\open\src\hotspot\share\interpreter\linkResolver.cpp, line 766]
Event: 0.280 Thread 0x000001f3b22e54f0 Exception <a 'java/lang/NoSuchMethodError'{0x00000007100f9e48}: 'void java.lang.invoke.DirectMethodHandle$Holder.invokeInterface(java.lang.Object, java.lang.Object, java.lang.Object, java.lang.Object, java.lang.Object)'> (0x00000007100f9e48) 
thrown [t:\workspace\open\src\hotspot\share\interpreter\linkResolver.cpp, line 766]
Event: 0.280 Thread 0x000001f3b22e54f0 Exception <a 'java/lang/IncompatibleClassChangeError'{0x00000007100fddc0}: Found class java.lang.Object, but interface was expected> (0x00000007100fddc0) 
thrown [t:\workspace\open\src\hotspot\share\interpreter\linkResolver.cpp, line 833]
Event: 0.284 Thread 0x000001f3b22e54f0 Exception <a 'java/lang/NoSuchMethodError'{0x00000007101341d0}: 'void java.lang.invoke.DirectMethodHandle$Holder.invokeInterface(java.lang.Object, java.lang.Object, java.lang.Object)'> (0x00000007101341d0) 
thrown [t:\workspace\open\src\hotspot\share\interpreter\linkResolver.cpp, line 766]
Event: 0.284 Thread 0x000001f3b22e54f0 Exception <a 'java/lang/IncompatibleClassChangeError'{0x0000000710137838}: Found class java.lang.Object, but interface was expected> (0x0000000710137838) 
thrown [t:\workspace\open\src\hotspot\share\interpreter\linkResolver.cpp, line 833]
Event: 0.287 Thread 0x000001f3b22e54f0 Exception <a 'java/lang/NoSuchMethodError'{0x0000000710150748}: 'java.lang.Object java.lang.invoke.DirectMethodHandle$Holder.invokeStatic(java.lang.Object, java.lang.Object, int)'> (0x0000000710150748) 
thrown [t:\workspace\open\src\hotspot\share\interpreter\linkResolver.cpp, line 766]

VM Operations (6 events):
Event: 0.059 Executing VM operation: HandshakeAllThreads
Event: 0.059 Executing VM operation: HandshakeAllThreads done
Event: 0.095 Executing VM operation: HandshakeAllThreads
Event: 0.095 Executing VM operation: HandshakeAllThreads done
Event: 0.149 Executing VM operation: HandshakeAllThreads
Event: 0.149 Executing VM operation: HandshakeAllThreads done

Events (20 events):
Event: 0.221 loading class java/util/stream/SortedOps$OfRef
Event: 0.221 loading class java/util/stream/SortedOps$OfRef done
Event: 0.221 loading class java/util/stream/SortedOps$SizedRefSortingSink
Event: 0.222 loading class java/util/stream/SortedOps$AbstractRefSortingSink
Event: 0.222 loading class java/util/stream/SortedOps$AbstractRefSortingSink done
Event: 0.222 loading class java/util/stream/SortedOps$SizedRefSortingSink done
Event: 0.228 loading class java/util/stream/MatchOps$MatchKind
Event: 0.228 loading class java/util/stream/MatchOps$MatchKind done
Event: 0.228 loading class java/util/stream/MatchOps
Event: 0.228 loading class java/util/stream/MatchOps done
Event: 0.228 loading class java/util/stream/MatchOps$MatchOp
Event: 0.228 loading class java/util/stream/MatchOps$MatchOp done
Event: 0.228 loading class java/util/stream/MatchOps$BooleanTerminalSink
Event: 0.228 loading class java/util/stream/MatchOps$BooleanTerminalSink done
Event: 0.228 loading class java/util/stream/MatchOps$1MatchSink
Event: 0.228 loading class java/util/stream/MatchOps$1MatchSink done
Event: 0.250 loading class java/util/concurrent/Callable
Event: 0.250 loading class java/util/concurrent/Callable done
Event: 0.274 loading class java/lang/invoke/MethodHandle$1
Event: 0.274 loading class java/lang/invoke/MethodHandle$1 done


Dynamic libraries:
0x00007ff707c60000 - 0x00007ff707c70000 	C:\Program Files\Java\jdk-17.0.1\bin\java.exe
0x00007ffc5d410000 - 0x00007ffc5d608000 	C:\WINDOWS\SYSTEM32\ntdll.dll
0x00007ffc5ca00000 - 0x00007ffc5cabf000 	C:\WINDOWS\System32\KERNEL32.DLL
0x00007ffc5ab00000 - 0x00007ffc5add2000 	C:\WINDOWS\System32\KERNELBASE.dll
0x00007ffc5af90000 - 0x00007ffc5b090000 	C:\WINDOWS\System32\ucrtbase.dll
0x00007ffc3f540000 - 0x00007ffc3f558000 	C:\Program Files\Java\jdk-17.0.1\bin\jli.dll
0x00007ffc3f4b0000 - 0x00007ffc3f4ca000 	C:\Program Files\Java\jdk-17.0.1\bin\VCRUNTIME140.dll
0x00007ffc5cac0000 - 0x00007ffc5cb6e000 	C:\WINDOWS\System32\ADVAPI32.dll
0x00007ffc5c580000 - 0x00007ffc5c61e000 	C:\WINDOWS\System32\msvcrt.dll
0x00007ffc5ba80000 - 0x00007ffc5bb1c000 	C:\WINDOWS\System32\sechost.dll
0x00007ffc5c620000 - 0x00007ffc5c745000 	C:\WINDOWS\System32\RPCRT4.dll
0x00007ffc5c120000 - 0x00007ffc5c2c1000 	C:\WINDOWS\System32\USER32.dll
0x00007ffc48900000 - 0x00007ffc48b9a000 	C:\WINDOWS\WinSxS\amd64_microsoft.windows.common-controls_6595b64144ccf1df_6.0.19041.1110_none_60b5254171f9507e\COMCTL32.dll
0x00007ffc5b1a0000 - 0x00007ffc5b1c2000 	C:\WINDOWS\System32\win32u.dll
0x00007ffc5c950000 - 0x00007ffc5c97b000 	C:\WINDOWS\System32\GDI32.dll
0x00007ffc5b090000 - 0x00007ffc5b19f000 	C:\WINDOWS\System32\gdi32full.dll
0x00007ffc5b220000 - 0x00007ffc5b2bd000 	C:\WINDOWS\System32\msvcp_win.dll
0x00007ffc54d30000 - 0x00007ffc54d3a000 	C:\WINDOWS\SYSTEM32\VERSION.dll
0x00007ffc5c910000 - 0x00007ffc5c942000 	C:\WINDOWS\System32\IMM32.DLL
0x00007ffc54610000 - 0x00007ffc5461c000 	C:\Program Files\Java\jdk-17.0.1\bin\vcruntime140_1.dll
0x00007ffc298c0000 - 0x00007ffc2994d000 	C:\Program Files\Java\jdk-17.0.1\bin\msvcp140.dll
0x00007ffbf7b50000 - 0x00007ffbf870e000 	C:\Program Files\Java\jdk-17.0.1\bin\server\jvm.dll
0x00007ffc5b600000 - 0x00007ffc5b608000 	C:\WINDOWS\System32\PSAPI.DLL
0x00007ffc4e9b0000 - 0x00007ffc4e9b9000 	C:\WINDOWS\SYSTEM32\WSOCK32.dll
0x00007ffc50180000 - 0x00007ffc501a7000 	C:\WINDOWS\SYSTEM32\WINMM.dll
0x00007ffc5c4e0000 - 0x00007ffc5c54b000 	C:\WINDOWS\System32\WS2_32.dll
0x00007ffc589e0000 - 0x00007ffc589f2000 	C:\WINDOWS\SYSTEM32\kernel.appcore.dll
0x00007ffc535a0000 - 0x00007ffc535aa000 	C:\Program Files\Java\jdk-17.0.1\bin\jimage.dll
0x00007ffc54690000 - 0x00007ffc54874000 	C:\WINDOWS\SYSTEM32\DBGHELP.DLL
0x00007ffc54570000 - 0x00007ffc545a5000 	C:\WINDOWS\SYSTEM32\dbgcore.DLL
0x00007ffc5ade0000 - 0x00007ffc5ae62000 	C:\WINDOWS\System32\bcryptPrimitives.dll
0x00007ffc4c0c0000 - 0x00007ffc4c0ce000 	C:\Program Files\Java\jdk-17.0.1\bin\instrument.dll
0x00007ffc3f030000 - 0x00007ffc3f055000 	C:\Program Files\Java\jdk-17.0.1\bin\java.dll
0x00007ffc24350000 - 0x00007ffc24426000 	C:\Program Files\Java\jdk-17.0.1\bin\svml.dll
0x00007ffc5cbd0000 - 0x00007ffc5d314000 	C:\WINDOWS\System32\SHELL32.dll
0x00007ffc58be0000 - 0x00007ffc59372000 	C:\WINDOWS\SYSTEM32\windows.storage.dll
0x00007ffc5bcb0000 - 0x00007ffc5c005000 	C:\WINDOWS\System32\combase.dll
0x00007ffc5a560000 - 0x00007ffc5a590000 	C:\WINDOWS\SYSTEM32\Wldp.dll
0x00007ffc5d320000 - 0x00007ffc5d3cd000 	C:\WINDOWS\System32\SHCORE.dll
0x00007ffc5c820000 - 0x00007ffc5c875000 	C:\WINDOWS\System32\shlwapi.dll
0x00007ffc5aa40000 - 0x00007ffc5aa5f000 	C:\WINDOWS\SYSTEM32\profapi.dll
0x00007ffc331a0000 - 0x00007ffc331b8000 	C:\Program Files\Java\jdk-17.0.1\bin\zip.dll
0x00007ffc3a0b0000 - 0x00007ffc3a0c9000 	C:\Program Files\Java\jdk-17.0.1\bin\net.dll
0x00007ffc53e60000 - 0x00007ffc53f6c000 	C:\WINDOWS\SYSTEM32\WINHTTP.dll
0x00007ffc5a2c0000 - 0x00007ffc5a32a000 	C:\WINDOWS\system32\mswsock.dll
0x00007ffc34990000 - 0x00007ffc349a5000 	C:\Program Files\Java\jdk-17.0.1\bin\nio.dll
0x00007ffc31c30000 - 0x00007ffc31c4a000 	C:\Program Files\JetBrains\IntelliJ IDEA 2022.2.2\bin\breakgen64.dll

dbghelp: loaded successfully - version: 4.0.5 - missing functions: none
symbol engine: initialized successfully - sym options: 0x614 - pdb path: .;C:\Program Files\Java\jdk-17.0.1\bin;C:\WINDOWS\SYSTEM32;C:\WINDOWS\WinSxS\amd64_microsoft.windows.common-controls_6595b64144ccf1df_6.0.19041.1110_none_60b5254171f9507e;C:\Program Files\Java\jdk-17.0.1\bin\server;C:\Program Files\JetBrains\IntelliJ IDEA 2022.2.2\bin

VM Arguments:
jvm_args: -ea -Didea.test.cyclic.buffer.size=1048576 -javaagent:C:\Program Files\JetBrains\IntelliJ IDEA 2022.2.2\lib\idea_rt.jar=64393:C:\Program Files\JetBrains\IntelliJ IDEA 2022.2.2\bin -Dfile.encoding=UTF-8 
java_command: com.intellij.rt.junit.JUnitStarter -ideVersion5 -junit5 org.example.WallTest,test2
java_class_path (initial): C:\Users\Natka\.m2\repository\org\junit\platform\junit-platform-launcher\1.8.2\junit-platform-launcher-1.8.2.jar;C:\Users\Natka\.m2\repository\org\junit\platform\junit-platform-engine\1.8.2\junit-platform-engine-1.8.2.jar;C:\Users\Natka\.m2\repository\org\junit\jupiter\junit-jupiter-engine\5.8.2\junit-jupiter-engine-5.8.2.jar;C:\Users\Natka\.m2\repository\org\junit\vintage\junit-vintage-engine\5.8.2\junit-vintage-engine-5.8.2.jar;C:\Program Files\JetBrains\IntelliJ IDEA 2022.2.2\lib\idea_rt.jar;C:\Program Files\JetBrains\IntelliJ IDEA 2022.2.2\plugins\junit\lib\junit5-rt.jar;C:\Program Files\JetBrains\IntelliJ IDEA 2022.2.2\plugins\junit\lib\junit-rt.jar;D:\projekty\untitled3\target\test-classes;D:\projekty\untitled3\target\classes;C:\Users\Natka\.m2\repository\org\assertj\assertj-core\3.23.1\assertj-core-3.23.1.jar;C:\Users\Natka\.m2\repository\net\bytebuddy\byte-buddy\1.12.10\byte-buddy-1.12.10.jar;C:\Users\Natka\.m2\repository\junit\junit\4.12\junit-4.12.jar;C:\Users\Natka\.m2\repository\org\hamcrest\hamcrest-core\1.3\hamcrest-core-1.3.jar;C:\Users\Natka\.m2\repository\org\junit\jupiter\junit-jupiter-api\5.8.2\junit-jupiter-api-5.8.2.jar;C:\Users\Natka\.m2\repository\org\opentest4j\opentest4j\1.2.0\opentest4j-1.2.0.jar;C:\Users\Natka\.m2\repository\org\junit\platform\junit-platform-commons\1.8.2\junit-platform-commons-1.8.2.jar;C:\Users\Natka\.m2\repository\org\apiguardian\apiguardian-api\1.1.2\apiguardian-api-1.1.2.jar
Launcher Type: SUN_STANDARD

[Global flags]
     intx CICompilerCount                          = 12                                        {product} {ergonomic}
     uint ConcGCThreads                            = 3                                         {product} {ergonomic}
     uint G1ConcRefinementThreads                  = 13                                        {product} {ergonomic}
   size_t G1HeapRegionSize                         = 2097152                                   {product} {ergonomic}
    uintx GCDrainStackTargetSize                   = 64                                        {product} {ergonomic}
   size_t InitialHeapSize                          = 268435456                                 {product} {ergonomic}
   size_t MarkStackSize                            = 4194304                                   {product} {ergonomic}
   size_t MaxHeapSize                              = 4282384384                                {product} {ergonomic}
   size_t MaxNewSize                               = 2569011200                                {product} {ergonomic}
   size_t MinHeapDeltaBytes                        = 2097152                                   {product} {ergonomic}
   size_t MinHeapSize                              = 8388608                                   {product} {ergonomic}
    uintx NonNMethodCodeHeapSize                   = 7602480                                {pd product} {ergonomic}
    uintx NonProfiledCodeHeapSize                  = 122027880                              {pd product} {ergonomic}
    uintx ProfiledCodeHeapSize                     = 122027880                              {pd product} {ergonomic}
    uintx ReservedCodeCacheSize                    = 251658240                              {pd product} {ergonomic}
     bool SegmentedCodeCache                       = true                                      {product} {ergonomic}
   size_t SoftMaxHeapSize                          = 4282384384                             {manageable} {ergonomic}
     bool UseCompressedClassPointers               = true                           {product lp64_product} {ergonomic}
     bool UseCompressedOops                        = true                           {product lp64_product} {ergonomic}
     bool UseG1GC                                  = true                                      {product} {ergonomic}
     bool UseLargePagesIndividualAllocation        = false                                  {pd product} {ergonomic}

Logging:
Log output configuration:
 #0: stdout all=warning uptime,level,tags
 #1: stderr all=off uptime,level,tags

Environment Variables:
PATH=C:\Program Files\Common Files\Oracle\Java\javapath;C:\Program Files\NVIDIA GPU Computing Toolkit\CUDA\v11.1\bin;C:\Program Files\NVIDIA GPU Computing Toolkit\CUDA\v11.1\libnvvp;C:\Program Files (x86)\Razer Chroma SDK\bin;C:\Program Files\Razer Chroma SDK\bin;C:\Program Files (x86)\Razer\ChromaBroadcast\bin;C:\Program Files\Razer\ChromaBroadcast\bin;C:\Program Files (x86)\Common Files\Intel\Shared Libraries\redist\intel64_win\compiler;C:\Windows\system32;C:\Windows;C:\Windows\System32\Wbem;C:\Windows\System32\WindowsPowerShell\v1.0\;C:\Windows\System32\OpenSSH\;C:\Program Files (x86)\NVIDIA Corporation\PhysX\Common;C:\Program Files\NVIDIA Corporation\NVIDIA NvDLISR;C:\Windows\system32\config\systemprofile\AppData\Local\Microsoft\WindowsApps;C:\WINDOWS\system32;C:\WINDOWS;C:\WINDOWS\System32\Wbem;C:\WINDOWS\System32\WindowsPowerShell\v1.0\;C:\WINDOWS\System32\OpenSSH\;C:\Program Files\NVIDIA Corporation\Nsight Compute 2020.2.1\;C:\WINDOWS\system32;C:\WINDOWS;C:\WINDOWS\System32\Wbem;C:\WINDOWS\System32\WindowsPowerShell\v1.0\;C:\WINDOWS\System32\OpenSSH\;C:\Program Files\Microsoft SQL Server\120\Tools\Binn\;%JAVA_HOME%\bin;C:\Program Files\nodejs\;C:\Program Files\Git\cmd;C:\Program Files\MySQL\MySQL Shell 8.0\bin\;C:\Users\Natka\AppData\Local\Microsoft\WindowsApps;;C:\Users\Natka\AppData\Local\Programs\Microsoft VS Code\bin;C:\Users\Natka\AppData\Roaming\npm
USERNAME=Natka
OS=Windows_NT
PROCESSOR_IDENTIFIER=AMD64 Family 23 Model 8 Stepping 2, AuthenticAMD



---------------  S Y S T E M  ---------------

OS:
 Windows 10 , 64 bit Build 19041 (10.0.19041.2364)
OS uptime: 20 days 0:11 hours

CPU: total 16 (initial active 16) (16 cores per cpu, 2 threads per core) family 23 model 8 stepping 2 microcode 0x0, cx8, cmov, fxsr, ht, mmx, 3dnowpref, sse, sse2, sse3, ssse3, sse4a, sse4.1, sse4.2, popcnt, lzcnt, tsc, tscinvbit, avx, avx2, aes, clmul, bmi1, bmi2, adx, sha, fma, vzeroupper, clflush, clflushopt

Memory: 4k page, system-wide physical 16332M (3637M free)
TotalPageFile size 33138M (AvailPageFile size 4M)
current process WorkingSet (physical memory assigned to process): 54M, peak: 54M
current process commit charge ("private bytes"): 363M, peak: 363M

vm_info: Java HotSpot(TM) 64-Bit Server VM (17.0.1+12-LTS-39) for windows-amd64 JRE (17.0.1+12-LTS-39), built on Sep 27 2021 18:41:35 by "mach5one" with MS VC++ 16.8 (VS2019)

END.
